<?xml version="1.0" encoding="UTF-8"?>
<!-- Generated by org.testng.reporters.JUnitXMLReporter -->
<testsuite hostname="VSRIHARIPF10Z70X" ignored="0" name="Default test" tests="2" failures="0" timestamp="12 Aug 2018 16:36:07 GMT" time="123.355" errors="0">
  <testcase name="createCompanyTest" time="21.72" classname="com.ot.tgo.testcases.SubscriptionTest"/>
  <testcase name="subscribeServiceTest" time="87.885" classname="com.ot.tgo.testcases.SubscriptionTest"/>
</testsuite> <!-- Default test -->
