<?xml version="1.0" encoding="UTF-8"?>
<!-- Generated by org.testng.reporters.JUnitXMLReporter -->
<testsuite hostname="VSRIHARIPF10Z70X" ignored="0" name="Free CRM App Test Cases" tests="2" failures="0" timestamp="25 Jul 2018 08:25:02 GMT" time="109.744" errors="0">
  <testcase name="createCompanyTest" time="29.126" classname="com.ot.tgo.testcases.SubscriptionTest"/>
  <testcase name="subscribeServiceTest" time="67.511" classname="com.ot.tgo.testcases.SubscriptionTest"/>
</testsuite> <!-- Free CRM App Test Cases -->
